2024-11-22 15:37:50.017 [info] Installing extension: ms-python.python {"isMachineScoped":false,"installPreReleaseVersion":false,"installOnlyNewlyAddedFromExtensionPack":false,"isApplicationScoped":false,"profileLocation":{"$mid":1,"fsPath":"/root/.local/share/code-server/extensions/extensions.json","external":"file:///root/.local/share/code-server/extensions/extensions.json","path":"/root/.local/share/code-server/extensions/extensions.json","scheme":"file"},"productVersion":{"version":"1.91.1","date":"2024-07-15T18:41:47.410Z"}}
2024-11-22 15:37:50.376 [info] Getting Manifest... ms-toolsai.jupyter
2024-11-22 15:37:51.343 [info] Getting Manifest... ms-toolsai.jupyter-renderers
2024-11-22 15:37:51.482 [info] Getting Manifest... ms-toolsai.jupyter-keymap
2024-11-22 15:37:51.684 [info] Getting Manifest... ms-toolsai.vscode-jupyter-cell-tags
2024-11-22 15:37:51.903 [info] Getting Manifest... ms-toolsai.vscode-jupyter-slideshow
2024-11-22 15:37:52.132 [info] Installing extension: ms-toolsai.jupyter {"isMachineScoped":false,"installPreReleaseVersion":false,"installOnlyNewlyAddedFromExtensionPack":false,"isApplicationScoped":false,"profileLocation":{"$mid":1,"fsPath":"/root/.local/share/code-server/extensions/extensions.json","external":"file:///root/.local/share/code-server/extensions/extensions.json","path":"/root/.local/share/code-server/extensions/extensions.json","scheme":"file"},"productVersion":{"version":"1.91.1","date":"2024-07-15T18:41:47.410Z"},"context":{"dependecyOrPackExtensionInstall":true}}
2024-11-22 15:37:52.132 [info] Installing extension: ms-toolsai.jupyter-renderers {"isMachineScoped":false,"installPreReleaseVersion":false,"installOnlyNewlyAddedFromExtensionPack":false,"isApplicationScoped":false,"profileLocation":{"$mid":1,"fsPath":"/root/.local/share/code-server/extensions/extensions.json","external":"file:///root/.local/share/code-server/extensions/extensions.json","path":"/root/.local/share/code-server/extensions/extensions.json","scheme":"file"},"productVersion":{"version":"1.91.1","date":"2024-07-15T18:41:47.410Z"},"context":{"dependecyOrPackExtensionInstall":true}}
2024-11-22 15:37:52.132 [info] Installing extension: ms-toolsai.jupyter-keymap {"isMachineScoped":false,"installPreReleaseVersion":false,"installOnlyNewlyAddedFromExtensionPack":false,"isApplicationScoped":false,"profileLocation":{"$mid":1,"fsPath":"/root/.local/share/code-server/extensions/extensions.json","external":"file:///root/.local/share/code-server/extensions/extensions.json","path":"/root/.local/share/code-server/extensions/extensions.json","scheme":"file"},"productVersion":{"version":"1.91.1","date":"2024-07-15T18:41:47.410Z"},"context":{"dependecyOrPackExtensionInstall":true}}
2024-11-22 15:37:52.132 [info] Installing extension: ms-toolsai.vscode-jupyter-cell-tags {"isMachineScoped":false,"installPreReleaseVersion":false,"installOnlyNewlyAddedFromExtensionPack":false,"isApplicationScoped":false,"profileLocation":{"$mid":1,"fsPath":"/root/.local/share/code-server/extensions/extensions.json","external":"file:///root/.local/share/code-server/extensions/extensions.json","path":"/root/.local/share/code-server/extensions/extensions.json","scheme":"file"},"productVersion":{"version":"1.91.1","date":"2024-07-15T18:41:47.410Z"},"context":{"dependecyOrPackExtensionInstall":true}}
2024-11-22 15:37:52.132 [info] Installing extension: ms-toolsai.vscode-jupyter-slideshow {"isMachineScoped":false,"installPreReleaseVersion":false,"installOnlyNewlyAddedFromExtensionPack":false,"isApplicationScoped":false,"profileLocation":{"$mid":1,"fsPath":"/root/.local/share/code-server/extensions/extensions.json","external":"file:///root/.local/share/code-server/extensions/extensions.json","path":"/root/.local/share/code-server/extensions/extensions.json","scheme":"file"},"productVersion":{"version":"1.91.1","date":"2024-07-15T18:41:47.410Z"},"context":{"dependecyOrPackExtensionInstall":true}}
2024-11-22 15:37:52.873 [info] Extracted extension to file:///root/.local/share/code-server/extensions/ms-toolsai.jupyter-keymap-1.1.2-universal: ms-toolsai.jupyter-keymap
2024-11-22 15:37:52.877 [info] Renamed to /root/.local/share/code-server/extensions/ms-toolsai.jupyter-keymap-1.1.2-universal
2024-11-22 15:37:53.095 [info] Extracted extension to file:///root/.local/share/code-server/extensions/ms-toolsai.vscode-jupyter-slideshow-0.1.6-universal: ms-toolsai.vscode-jupyter-slideshow
2024-11-22 15:37:53.099 [info] Renamed to /root/.local/share/code-server/extensions/ms-toolsai.vscode-jupyter-slideshow-0.1.6-universal
2024-11-22 15:37:53.104 [info] Extracted extension to file:///root/.local/share/code-server/extensions/ms-toolsai.vscode-jupyter-cell-tags-0.1.9-universal: ms-toolsai.vscode-jupyter-cell-tags
2024-11-22 15:37:53.108 [info] Renamed to /root/.local/share/code-server/extensions/ms-toolsai.vscode-jupyter-cell-tags-0.1.9-universal
2024-11-22 15:37:54.215 [info] Extracted extension to file:///root/.local/share/code-server/extensions/ms-python.python-2021.5.829140558: ms-python.python
2024-11-22 15:37:54.221 [info] Renamed to /root/.local/share/code-server/extensions/ms-python.python-2021.5.829140558
2024-11-22 15:37:54.751 [info] Extracted extension to file:///root/.local/share/code-server/extensions/ms-toolsai.jupyter-renderers-1.0.19-universal: ms-toolsai.jupyter-renderers
2024-11-22 15:37:54.754 [info] Renamed to /root/.local/share/code-server/extensions/ms-toolsai.jupyter-renderers-1.0.19-universal
2024-11-22 15:37:55.424 [info] Extracted extension to file:///root/.local/share/code-server/extensions/ms-toolsai.jupyter-2024.6.0-universal: ms-toolsai.jupyter
2024-11-22 15:37:55.430 [info] Renamed to /root/.local/share/code-server/extensions/ms-toolsai.jupyter-2024.6.0-universal
2024-11-22 15:37:55.449 [info] Extension installed successfully: ms-toolsai.jupyter-keymap file:///root/.local/share/code-server/extensions/extensions.json
2024-11-22 15:37:55.449 [info] Extension installed successfully: ms-toolsai.vscode-jupyter-slideshow file:///root/.local/share/code-server/extensions/extensions.json
2024-11-22 15:37:55.449 [info] Extension installed successfully: ms-toolsai.vscode-jupyter-cell-tags file:///root/.local/share/code-server/extensions/extensions.json
2024-11-22 15:37:55.449 [info] Extension installed successfully: ms-python.python file:///root/.local/share/code-server/extensions/extensions.json
2024-11-22 15:37:55.449 [info] Extension installed successfully: ms-toolsai.jupyter-renderers file:///root/.local/share/code-server/extensions/extensions.json
2024-11-22 15:37:55.449 [info] Extension installed successfully: ms-toolsai.jupyter file:///root/.local/share/code-server/extensions/extensions.json
